read
Traceback (most recent call last):
  File "G:\CODING\_Projects\PyPass\code\pypass.py", line 14, in <module>
    main()
  File "G:\CODING\_Projects\PyPass\code\pypass.py", line 9, in main
    process.run()
  File "G:\CODING\_Projects\PyPass\code\userinp.py", line 54, in run
    self.user_input()
  File "G:\CODING\_Projects\PyPass\code\userinp.py", line 78, in user_input
    return command(addition)
  File "G:\CODING\_Projects\PyPass\code\userinp.py", line 237, in add
    self.load_key()
  File "G:\CODING\_Projects\PyPass\code\userinp.py", line 232, in load_key
    self.data[0] = load_b_file(way)
  File "G:\CODING\_Projects\PyPass\code\core\filemanage.py", line 110, in load_b_file
    return open(way, 'wb').read()
io.UnsupportedOperation: read
read
Traceback (most recent call last):
  File "G:\CODING\_Projects\PyPass\code\pypass.py", line 14, in <module>
    main()
  File "G:\CODING\_Projects\PyPass\code\pypass.py", line 9, in main
    process.run()
  File "G:\CODING\_Projects\PyPass\code\userinp.py", line 54, in run
    self.user_input()
  File "G:\CODING\_Projects\PyPass\code\userinp.py", line 78, in user_input
    return command(addition)
  File "G:\CODING\_Projects\PyPass\code\userinp.py", line 237, in add
    self.load_key()
  File "G:\CODING\_Projects\PyPass\code\userinp.py", line 232, in load_key
    self.data[0] = load_b_file(way)
  File "G:\CODING\_Projects\PyPass\code\core\filemanage.py", line 110, in load_b_file
    return open(way, 'wb').read()
io.UnsupportedOperation: read
Fernet key must be 32 url-safe base64-encoded bytes.
Traceback (most recent call last):
  File "G:\CODING\_Projects\PyPass\code\pypass.py", line 14, in <module>
    main()
  File "G:\CODING\_Projects\PyPass\code\pypass.py", line 9, in main
    process.run()
  File "G:\CODING\_Projects\PyPass\code\userinp.py", line 55, in run
    self.user_input()
  File "G:\CODING\_Projects\PyPass\code\userinp.py", line 79, in user_input
    return command(addition)
  File "G:\CODING\_Projects\PyPass\code\userinp.py", line 245, in add
    waymaker(args, encrypt(passw, load_key(self.data[0])))
  File "G:\CODING\_Projects\PyPass\code\cryp\crypo.py", line 8, in encrypt
    return Fernet(key).encrypt(bytes(data, encoding='UTF-8'))
  File "C:\Users\bodro\AppData\Local\Programs\Python\Python310\lib\site-packages\cryptography\fernet.py", line 39, in __init__
    raise ValueError(
ValueError: Fernet key must be 32 url-safe base64-encoded bytes.
[Errno 13] Permission denied: 'G:\\CODING\\_Projects\\PyPass\\test\\key'
Traceback (most recent call last):
  File "G:\CODING\_Projects\PyPass\code\pypass.py", line 14, in <module>
    main()
  File "G:\CODING\_Projects\PyPass\code\pypass.py", line 9, in main
    process.run()
  File "G:\CODING\_Projects\PyPass\code\userinp.py", line 55, in run
    self.user_input()
  File "G:\CODING\_Projects\PyPass\code\userinp.py", line 79, in user_input
    return command(addition)
  File "G:\CODING\_Projects\PyPass\code\userinp.py", line 245, in add
    waymaker(args, encrypt(passw, load_key(self.data[0])))
  File "G:\CODING\_Projects\PyPass\code\cryp\keys.py", line 14, in load_key
    return open(name, 'rb').read()
PermissionError: [Errno 13] Permission denied: 'G:\\CODING\\_Projects\\PyPass\\test\\key'
[Errno 2] No such file or directory: 'G:\\CODING\\_Projects\\PyPass\\test\\'
Traceback (most recent call last):
  File "G:\CODING\_Projects\PyPass\code\pypass.py", line 14, in <module>
    main()
  File "G:\CODING\_Projects\PyPass\code\pypass.py", line 9, in main
    process.run()
  File "G:\CODING\_Projects\PyPass\code\userinp.py", line 55, in run
    self.user_input()
  File "G:\CODING\_Projects\PyPass\code\userinp.py", line 79, in user_input
    return command(addition)
  File "G:\CODING\_Projects\PyPass\code\userinp.py", line 245, in add
    waymaker(args, encrypt(passw, load_key(self.data[0])))
  File "G:\CODING\_Projects\PyPass\code\cryp\keys.py", line 14, in load_key
    return open(name, 'rb').read()
FileNotFoundError: [Errno 2] No such file or directory: 'G:\\CODING\\_Projects\\PyPass\\test\\'
